#
# A fatal error has been detected by the Java Runtime Environment:
#
#  EXCEPTION_ACCESS_VIOLATION (0xc0000005) at pc=0x00007ffeb29ccf02, pid=13016, tid=23960
#
# JRE version: Java(TM) SE Runtime Environment (20.0.1+9) (build 20.0.1+9-29)
# Java VM: Java HotSpot(TM) 64-Bit Server VM (20.0.1+9-29, mixed mode, sharing, tiered, compressed oops, compressed class ptrs, g1 gc, windows-amd64)
# Problematic frame:
# V  [jvm.dll+0x35cf02]
#
# No core dump will be written. Minidumps are not enabled by default on client versions of Windows
#
# If you would like to submit a bug report, please visit:
#   https://bugreport.java.com/bugreport/crash.jsp
#

---------------  S U M M A R Y ------------

Command Line: -XX:+ShowCodeDetailsInExceptionMessages -agentlib:jdwp=transport=dt_socket,suspend=y,address=localhost:54195 -javaagent:C:\Users\karth\eclipse\jee-2023-06\eclipse\configuration\org.eclipse.osgi\430\0\.cp\lib\javaagent-shaded.jar -Dfile.encoding=UTF-8 com.example1.SpringDataJPA1.SpringDataJpa1Application

Host: AMD Ryzen 5 5500U with Radeon Graphics         , 12 cores, 5G,  Windows 11 , 64 bit Build 22621 (10.0.22621.5262)
Time: Wed May 28 17:49:56 2025 India Standard Time elapsed time: 543.304737 seconds (0d 0h 9m 3s)

---------------  T H R E A D  ---------------

Current thread (0x0000015a669caac0):  WorkerThread "GC Thread#6" [stack: 0x0000000582f00000,0x0000000583000000] [id=23960]

Stack: [0x0000000582f00000,0x0000000583000000],  sp=0x0000000582ffdef0,  free space=1015k
Native frames: (J=compiled Java code, j=interpreted, Vv=VM code, C=native code)
V  [jvm.dll+0x35cf02]
V  [jvm.dll+0x36c428]
V  [jvm.dll+0x31781d]
V  [jvm.dll+0x31725d]
V  [jvm.dll+0x3f19b5]
V  [jvm.dll+0x7f4ed6]
V  [jvm.dll+0x7fea61]
V  [jvm.dll+0x36ca1a]
V  [jvm.dll+0x36c8b4]
V  [jvm.dll+0x373eb4]
V  [jvm.dll+0x37402b]
V  [jvm.dll+0x8759c7]
V  [jvm.dll+0x7f4b56]
V  [jvm.dll+0x6ba5cb]
C  [ucrtbase.dll+0x29333]
C  [KERNEL32.DLL+0x1259d]
C  [ntdll.dll+0x5af58]

JavaThread 0x0000015a6e0b5dd0 (nid = 15408) was being processed
Java frames: (J=compiled Java code, j=interpreted, Vv=VM code)
j  java.lang.invoke.DirectMethodHandle$Holder.newInvokeSpecial(Ljava/lang/Object;)Ljava/lang/Object;+15 java.base@20.0.1
J 2702 c1 jdk.internal.reflect.DirectConstructorHandleAccessor.newInstance([Ljava/lang/Object;)Ljava/lang/Object; java.base@20.0.1 (148 bytes) @ 0x0000015a4da64bdc [0x0000015a4da634c0+0x000000000000171c]
J 2326 c1 java.lang.reflect.Constructor.newInstanceWithCaller([Ljava/lang/Object;ZLjava/lang/Class;)Ljava/lang/Object; java.base@20.0.1 (51 bytes) @ 0x0000015a4d97eb4c [0x0000015a4d97e940+0x000000000000020c]
J 5629 c1 org.springframework.beans.BeanUtils.instantiateClass(Ljava/lang/reflect/Constructor;[Ljava/lang/Object;)Ljava/lang/Object; (208 bytes) @ 0x0000015a4e06ef84 [0x0000015a4e06e1a0+0x0000000000000de4]
j  org.springframework.beans.factory.support.SimpleInstantiationStrategy.instantiate(Lorg/springframework/beans/factory/support/RootBeanDefinition;Ljava/lang/String;Lorg/springframework/beans/factory/BeanFactory;)Ljava/lang/Object;+111
j  org.springframework.beans.factory.support.AbstractAutowireCapableBeanFactory.instantiateBean(Ljava/lang/String;Lorg/springframework/beans/factory/support/RootBeanDefinition;)Lorg/springframework/beans/BeanWrapper;+7
j  org.springframework.beans.factory.support.AbstractAutowireCapableBeanFactory.createBeanInstance(Ljava/lang/String;Lorg/springframework/beans/factory/support/RootBeanDefinition;[Ljava/lang/Object;)Lorg/springframework/beans/BeanWrapper;+241
J 6402 c1 org.springframework.beans.factory.support.AbstractAutowireCapableBeanFactory.doCreateBean(Ljava/lang/String;Lorg/springframework/beans/factory/support/RootBeanDefinition;[Ljava/lang/Object;)Ljava/lang/Object; (465 bytes) @ 0x0000015a4dbd601c [0x0000015a4dbd5ac0+0x000000000000055c]
j  org.springframework.beans.factory.support.AbstractAutowireCapableBeanFactory.createBean(Ljava/lang/String;Lorg/springframework/beans/factory/support/RootBeanDefinition;[Ljava/lang/Object;)Ljava/lang/Object;+153
j  org.springframework.beans.factory.support.AbstractBeanFactory.lambda$doGetBean$0(Ljava/lang/String;Lorg/springframework/beans/factory/support/RootBeanDefinition;[Ljava/lang/Object;)Ljava/lang/Object;+4
j  org.springframework.beans.factory.support.AbstractBeanFactory$$Lambda$416+0x00000008011fa818.getObject()Ljava/lang/Object;+16
j  org.springframework.beans.factory.support.DefaultSingletonBeanRegistry.getSingleton(Ljava/lang/String;Lorg/springframework/beans/factory/ObjectFactory;)Ljava/lang/Object;+897
J 3080 c1 org.springframework.beans.factory.support.AbstractBeanFactory.doGetBean(Ljava/lang/String;Ljava/lang/Class;[Ljava/lang/Object;Z)Ljava/lang/Object; (787 bytes) @ 0x0000015a4db5a1ec [0x0000015a4db58180+0x000000000000206c]
J 5559 c1 org.springframework.beans.factory.support.AbstractBeanFactory.getBean(Ljava/lang/String;)Ljava/lang/Object; (9 bytes) @ 0x0000015a4e0292d4 [0x0000015a4e0291a0+0x0000000000000134]
j  org.springframework.beans.factory.support.DefaultListableBeanFactory.instantiateSingleton(Ljava/lang/String;)V+51
j  org.springframework.beans.factory.support.DefaultListableBeanFactory.preInstantiateSingleton(Ljava/lang/String;Lorg/springframework/beans/factory/support/RootBeanDefinition;)Ljava/util/concurrent/CompletableFuture;+141
j  org.springframework.beans.factory.support.DefaultListableBeanFactory.preInstantiateSingletons()V+123
j  org.springframework.context.support.AbstractApplicationContext.finishBeanFactoryInitialization(Lorg/springframework/beans/factory/config/ConfigurableListableBeanFactory;)V+284
j  org.springframework.context.support.AbstractApplicationContext.refresh()V+94
j  org.springframework.boot.web.servlet.context.ServletWebServerApplicationContext.refresh()V+1
j  org.springframework.boot.SpringApplication.refresh(Lorg/springframework/context/ConfigurableApplicationContext;)V+1
j  org.springframework.boot.SpringApplication.refreshContext(Lorg/springframework/context/ConfigurableApplicationContext;)V+19
j  org.springframework.boot.SpringApplication.run([Ljava/lang/String;)Lorg/springframework/context/ConfigurableApplicationContext;+113
j  org.springframework.boot.SpringApplication.run([Ljava/lang/Class;[Ljava/lang/String;)Lorg/springframework/context/ConfigurableApplicationContext;+9
j  org.springframework.boot.SpringApplication.run(Ljava/lang/Class;[Ljava/lang/String;)Lorg/springframework/context/ConfigurableApplicationContext;+9
j  com.example1.SpringDataJPA1.SpringDataJpa1Application.main([Ljava/lang/String;)V+3
j  java.lang.invoke.LambdaForm$DMH+0x00000008010a7400.invokeStatic(Ljava/lang/Object;Ljava/lang/Object;)V+10 java.base@20.0.1
j  java.lang.invoke.LambdaForm$MH+0x00000008010a8c00.invoke(Ljava/lang/Object;Ljava/lang/Object;Ljava/lang/Object;)Ljava/lang/Object;+33 java.base@20.0.1
J 3665 c1 java.lang.reflect.Method.invoke(Ljava/lang/Object;[Ljava/lang/Object;)Ljava/lang/Object; java.base@20.0.1 (108 bytes) @ 0x0000015a4dcbbba4 [0x0000015a4dcb91a0+0x0000000000002a04]
j  org.springframework.boot.devtools.restart.RestartLauncher.run()V+47
v  ~StubRoutines::call_stub 0x0000015a54a3100d

siginfo: EXCEPTION_ACCESS_VIOLATION (0xc0000005), reading address 0x0000000000000098


Registers:
RAX=0x0000000000000000, RBX=0x0000000000000001, RCX=0x0000000000004df1, RDX=0x0000000000004df1
RSP=0x0000000582ffdef0, RBP=0x000000000000000a, RSI=0x0000000582ffe2a0, RDI=0x00000005813fdb50
R8 =0x0000015a45470c00, R9 =0x000000000e456300, R10=0x00000005813fdb50, R11=0x0000000582ffe148
R12=0x000000000e456300, R13=0x0000000800722b07, R14=0x00000005813fdb50, R15=0x0000015a6c62f710
RIP=0x00007ffeb29ccf02, EFLAGS=0x0000000000010213


Register to memory mapping:

RIP=0x00007ffeb29ccf02 jvm.dll
RAX=0x0 is NULL
RBX=0x0000000000000001 is an unknown value
RCX=0x0000000000004df1 is an unknown value
RDX=0x0000000000004df1 is an unknown value
RSP=0x0000000582ffdef0 points into unknown readable memory: 0x0000000000000000 | 00 00 00 00 00 00 00 00
RBP=0x000000000000000a is an unknown value
RSI=0x0000000582ffe2a0 points into unknown readable memory: 0x00000005813fdb48 | 48 db 3f 81 05 00 00 00
RDI=0x00000005813fdb50 is pointing into the stack for thread: 0x0000015a6e0b5dd0
R8 =0x0000015a45470c00 points into unknown readable memory: 0x00007ffeb2fee3e8 | e8 e3 fe b2 fe 7f 00 00
R9 =0x000000000e456300 is an unknown value
R10=0x00000005813fdb50 is pointing into the stack for thread: 0x0000015a6e0b5dd0
R11=0x0000000582ffe148 points into unknown readable memory: 0x00007ffeb298725d | 5d 72 98 b2 fe 7f 00 00
R12=0x000000000e456300 is an unknown value
R13=0x0000000800722b07 is pointing into metadata
R14=0x00000005813fdb50 is pointing into the stack for thread: 0x0000015a6e0b5dd0
R15=0x0000015a6c62f710 points into unknown readable memory: 0x00007ffeb2ff5aa0 | a0 5a ff b2 fe 7f 00 00


Top of Stack: (sp=0x0000000582ffdef0)
0x0000000582ffdef0:   0000000000000000 00000000000003d8
0x0000000582ffdf00:   0000015a664a09a0 00007ffef41d1966
0x0000000582ffdf10:   00007ffeb3044f50 0000015a64af2270
0x0000000582ffdf20:   00000005813fdb50 0000000000000000
0x0000000582ffdf30:   00000005813fdb50 0000000000000000
0x0000000582ffdf40:   0000000000000000 0000015a664a09a0
0x0000000582ffdf50:   0000000000000001 00000000000003d8
0x0000000582ffdf60:   0000000000000000 0000015a68437968
0x0000000582ffdf70:   0000000582ffe2a0 0000000582ffe0c0
0x0000000582ffdf80:   00000005813fdb50 00007ffeb29dc428
0x0000000582ffdf90:   0000000582ff0000 0000000582ff0100
0x0000000582ffdfa0:   0000000800480090 0000000000000000
0x0000000582ffdfb0:   0000015a68437968 00007ffeb298781d
0x0000000582ffdfc0:   0000000000000003 0000000000000003
0x0000000582ffdfd0:   0000015a68437968 0000015a6876ad00
0x0000000582ffdfe0:   0000000f69861a01 00000008000b8e90
0x0000000582ffdff0:   0000015a669caac0 0000000800540130
0x0000000582ffe000:   0000015a665edee0 00000000000003d8
0x0000000582ffe010:   0000015a665edef0 0000015a665ee2c8
0x0000000582ffe020:   0000000800722b07 00007ffe000000b8
0x0000000582ffe030:   00000008000b8e90 00000000a45edd98
0x0000000582ffe040:   0000000582ffe1a0 000000000000001c
0x0000000582ffe050:   0000000000000002 0000000800540130
0x0000000582ffe060:   0000001300000001 0000000000000032
0x0000000582ffe070:   000000010000000c 0000000800480090
0x0000000582ffe080:   0000000000000000 0000015a69862060
0x0000000582ffe090:   0000000000000000 0000000000000000
0x0000000582ffe0a0:   0000000582ffe1a0 0000000000000000
0x0000000582ffe0b0:   0000000582fff850 0000000582ffe380
0x0000000582ffe0c0:   0000001c00017f01 0000015a61e47d18
0x0000000582ffe0d0:   0000015a669caac0 0000000800486d00
0x0000000582ffe0e0:   00000005839ff3a8 00007ffeb29dc482 

Instructions: (pc=0x00007ffeb29ccf02)
0x00007ffeb29cce02:   00 00 00 cc cc cc cc cc cc cc cc cc cc cc 40 53
0x00007ffeb29cce12:   55 56 57 41 54 41 55 41 56 41 57 48 83 ec 58 80
0x00007ffeb29cce22:   3d b3 39 85 00 00 49 8b f9 4d 8b f0 0f b7 da 4c
0x00007ffeb29cce32:   8b f9 74 16 45 8b 68 08 8b 0d a8 61 7e 00 49 d3
0x00007ffeb29cce42:   e5 4c 03 2d 96 61 7e 00 eb 04 4d 8b 68 08 49 8b
0x00007ffeb29cce52:   d5 49 8b ce e8 55 38 de ff 4c 8b e0 48 89 7c 24
0x00007ffeb29cce62:   30 33 c0 8b e8 0f b7 c3 66 c1 e8 08 66 89 84 24
0x00007ffeb29cce72:   a0 00 00 00 84 c0 75 3c 40 0f b6 cf f6 d1 f6 c1
0x00007ffeb29cce82:   01 75 05 48 8b ef eb 12 48 8d 54 24 40 48 8d 4c
0x00007ffeb29cce92:   24 30 e8 17 7a 2e 00 48 8b 28 48 c1 ed 03 83 e5
0x00007ffeb29ccea2:   0f 41 3b af 78 01 00 00 73 0a 66 89 9c 24 a8 00
0x00007ffeb29cceb2:   00 00 eb 12 66 c7 84 24 a8 00 00 00 00 01 0f b7
0x00007ffeb29ccec2:   9c 24 a8 00 00 00 4d 8b 47 08 49 8b d6 66 c1 eb
0x00007ffeb29cced2:   08 41 8b 88 48 02 00 00 49 8b 80 40 02 00 00 48
0x00007ffeb29ccee2:   d3 e0 8b 0d 96 42 85 00 48 2b d0 49 8b 80 28 02
0x00007ffeb29ccef2:   00 00 48 d3 ea 8b ca 48 8b 04 c8 48 89 44 24 38
0x00007ffeb29ccf02:   44 8b 80 98 00 00 00 48 0f be c3 48 6b c8 38 49
0x00007ffeb29ccf12:   8b 47 70 44 89 84 24 b0 00 00 00 48 8b 54 01 10
0x00007ffeb29ccf22:   84 db 75 04 4a 8d 14 c2 48 8b 0a 4a 8d 1c e5 00
0x00007ffeb29ccf32:   00 00 00 48 89 9c 24 b8 00 00 00 48 8b 71 30 48
0x00007ffeb29ccf42:   8b 41 38 48 2b c6 48 c1 e8 03 49 3b c4 72 0d 48
0x00007ffeb29ccf52:   8d 04 33 48 89 41 30 48 85 f6 75 3d 44 89 44 24
0x00007ffeb29ccf62:   28 48 8d 94 24 a8 00 00 00 4d 8b c6 89 6c 24 20
0x00007ffeb29ccf72:   4d 8b cc 49 8b cf e8 43 fc ff ff 48 8b f0 48 85
0x00007ffeb29ccf82:   c0 75 16 4d 8b cc 4c 8b c7 49 8b d6 49 8b cf e8
0x00007ffeb29ccf92:   6a 07 00 00 e9 68 03 00 00 48 8d 0d 5e 30 ca ff
0x00007ffeb29ccfa2:   49 83 fc 08 77 4d 42 8b 84 a1 14 d3 35 00 48 03
0x00007ffeb29ccfb2:   c1 ff e0 49 8b 46 38 48 89 46 38 49 8b 46 30 48
0x00007ffeb29ccfc2:   89 46 30 49 8b 46 28 48 89 46 28 49 8b 46 20 48
0x00007ffeb29ccfd2:   89 46 20 49 8b 46 18 48 89 46 18 49 8b 46 10 48
0x00007ffeb29ccfe2:   89 46 10 49 8b 46 08 48 89 46 08 49 8b 06 48 89
0x00007ffeb29ccff2:   06 eb 0e 4c 8b c3 49 8b d6 48 8b ce e8 9d 9f 54 


Stack slot to memory mapping:
stack at sp + 0 slots: 0x0 is NULL
stack at sp + 1 slots: 0x00000000000003d8 is an unknown value
stack at sp + 2 slots: 0x0000015a664a09a0 points into unknown readable memory: 0x0000015a65c80702 | 02 07 c8 65 5a 01 00 00
stack at sp + 3 slots: 0x00007ffef41d1966 ucrtbase.dll
stack at sp + 4 slots: 0x00007ffeb3044f50 jvm.dll
stack at sp + 5 slots: {method} {0x0000015a64af2278} 'call' '()Ljava/lang/Object;' in 'org/springframework/boot/devtools/restart/Restarter$$Lambda$1293+0x00000008017aac60'
stack at sp + 6 slots: 0x00000005813fdb50 is pointing into the stack for thread: 0x0000015a6e0b5dd0
stack at sp + 7 slots: 0x0 is NULL


---------------  P R O C E S S  ---------------

Threads class SMR info:
_java_thread_list=0x0000015a6890e5c0, length=22, elements={
0x0000015a4545a300, 0x0000015a616d3300, 0x0000015a616d4100, 0x0000015a616d6300,
0x0000015a616da460, 0x0000015a616db640, 0x0000015a616df740, 0x0000015a616e2030,
0x0000015a616e29b0, 0x0000015a659ecce0, 0x0000015a65a98930, 0x0000015a65a84e10,
0x0000015a65b07530, 0x0000015a66348750, 0x0000015a680e8210, 0x0000015a6e0b5880,
0x0000015a6e0af8e0, 0x0000015a6e0b5dd0, 0x0000015a6e0b18c0, 0x0000015a6e0b28b0,
0x0000015a6e0b6320, 0x0000015a6e0b5330
}

Java Threads: ( => current thread )
  0x0000015a4545a300 JavaThread "main" [_thread_blocked, id=3764, stack(0x0000000581400000,0x0000000581500000)]
  0x0000015a616d3300 JavaThread "Reference Handler" daemon [_thread_blocked, id=5408, stack(0x0000000581b00000,0x0000000581c00000)]
  0x0000015a616d4100 JavaThread "Finalizer" daemon [_thread_blocked, id=18028, stack(0x0000000581c00000,0x0000000581d00000)]
  0x0000015a616d6300 JavaThread "Signal Dispatcher" daemon [_thread_blocked, id=5340, stack(0x0000000581d00000,0x0000000581e00000)]
  0x0000015a616da460 JavaThread "Attach Listener" daemon [_thread_blocked, id=14776, stack(0x0000000581e00000,0x0000000581f00000)]
  0x0000015a616db640 JavaThread "Service Thread" daemon [_thread_blocked, id=16136, stack(0x0000000581f00000,0x0000000582000000)]
  0x0000015a616df740 JavaThread "Monitor Deflation Thread" daemon [_thread_blocked, id=21528, stack(0x0000000582000000,0x0000000582100000)]
  0x0000015a616e2030 JavaThread "C2 CompilerThread0" daemon [_thread_blocked, id=22040, stack(0x0000000582100000,0x0000000582200000)]
  0x0000015a616e29b0 JavaThread "C1 CompilerThread0" daemon [_thread_blocked, id=3572, stack(0x0000000582200000,0x0000000582300000)]
  0x0000015a659ecce0 JavaThread "Common-Cleaner" daemon [_thread_blocked, id=18268, stack(0x0000000582300000,0x0000000582400000)]
  0x0000015a65a98930 JavaThread "JDWP Transport Listener: dt_socket" daemon [_thread_blocked, id=2136, stack(0x0000000582400000,0x0000000582500000)]
  0x0000015a65a84e10 JavaThread "JDWP Event Helper Thread" daemon [_thread_blocked, id=8960, stack(0x0000000582500000,0x0000000582600000)]
  0x0000015a65b07530 JavaThread "JDWP Command Reader" daemon [_thread_in_native, id=15304, stack(0x0000000582600000,0x0000000582700000)]
  0x0000015a66348750 JavaThread "Notification Thread" daemon [_thread_blocked, id=23276, stack(0x0000000582800000,0x0000000582900000)]
  0x0000015a680e8210 JavaThread "mysql-cj-abandoned-connection-cleanup" daemon [_thread_blocked, id=6884, stack(0x0000000583b00000,0x0000000583c00000)]
  0x0000015a6e0b5880 JavaThread "Live Reload Server" daemon [_thread_in_native, id=10020, stack(0x0000000584100000,0x0000000584200000)]
  0x0000015a6e0af8e0 JavaThread "Thread-5" [_thread_blocked, id=1936, stack(0x0000000581200000,0x0000000581300000)]
  0x0000015a6e0b5dd0 JavaThread "restartedMain" [_thread_blocked, id=15408, stack(0x0000000581300000,0x0000000581400000)]
  0x0000015a6e0b18c0 JavaThread "Catalina-utility-1" [_thread_blocked, id=19900, stack(0x0000000583100000,0x0000000583200000)]
  0x0000015a6e0b28b0 JavaThread "Catalina-utility-2" [_thread_blocked, id=416, stack(0x0000000583200000,0x0000000583300000)]
  0x0000015a6e0b6320 JavaThread "container-0" [_thread_blocked, id=14412, stack(0x0000000583500000,0x0000000583600000)]
  0x0000015a6e0b5330 JavaThread "HikariPool-2:housekeeper" daemon [_thread_blocked, id=14916, stack(0x0000000583800000,0x0000000583900000)]

Other Threads:
  0x0000015a616b1200 VMThread "VM Thread" [stack: 0x0000000581a00000,0x0000000581b00000] [id=8104]
  0x0000015a4545b320 WatcherThread "VM Periodic Task Thread" [stack: 0x0000000582900000,0x0000000582a00000] [id=24400]
  0x0000015a454ac720 WorkerThread "GC Thread#0" [stack: 0x0000000581500000,0x0000000581600000] [id=21376]
  0x0000015a66743bb0 WorkerThread "GC Thread#1" [stack: 0x0000000582a00000,0x0000000582b00000] [id=2304]
  0x0000015a665a28e0 WorkerThread "GC Thread#2" [stack: 0x0000000582b00000,0x0000000582c00000] [id=12980]
  0x0000015a668c9770 WorkerThread "GC Thread#3" [stack: 0x0000000582c00000,0x0000000582d00000] [id=13396]
  0x0000015a669c9a50 WorkerThread "GC Thread#4" [stack: 0x0000000582d00000,0x0000000582e00000] [id=3900]
  0x0000015a669ca7f0 WorkerThread "GC Thread#5" [stack: 0x0000000582e00000,0x0000000582f00000] [id=17940]
=>0x0000015a669caac0 WorkerThread "GC Thread#6" [stack: 0x0000000582f00000,0x0000000583000000] [id=23960]
  0x0000015a669ca520 WorkerThread "GC Thread#7" [stack: 0x0000000583000000,0x0000000583100000] [id=17312]
  0x0000015a669cad90 WorkerThread "GC Thread#8" [stack: 0x0000000583300000,0x0000000583400000] [id=19228]
  0x0000015a669cb600 WorkerThread "GC Thread#9" [stack: 0x0000000583400000,0x0000000583500000] [id=6496]
  0x0000015a454ba200 ConcurrentGCThread "G1 Main Marker" [stack: 0x0000000581600000,0x0000000581700000] [id=1808]
  0x0000015a454bb570 WorkerThread "G1 Conc#0" [stack: 0x0000000581700000,0x0000000581800000] [id=3652]
  0x0000015a669ca250 WorkerThread "G1 Conc#1" [stack: 0x0000000583600000,0x0000000583700000] [id=9980]
  0x0000015a67204aa0 WorkerThread "G1 Conc#2" [stack: 0x0000000583700000,0x0000000583800000] [id=14292]
  0x0000015a4550ddc0 ConcurrentGCThread "G1 Refine#0" [stack: 0x0000000581800000,0x0000000581900000] [id=6824]
  0x0000015a4550e860 ConcurrentGCThread "G1 Service" [stack: 0x0000000581900000,0x0000000581a00000] [id=9028]

Threads with active compile tasks:

VM state: at safepoint (normal execution)

VM Mutex/Monitor currently owned by a thread:  ([mutex/lock_event])
[0x0000015a454572c0] Threads_lock - owner thread: 0x0000015a616b1200
[0x0000015a45457a10] Heap_lock - owner thread: 0x0000015a65a98930

Heap address: 0x00000000a2200000, size: 1502 MB, Compressed Oops mode: 32-bit

CDS archive(s) mapped at: [0x0000000800000000-0x0000000800c60000-0x0000000800c60000), size 12976128, SharedBaseAddress: 0x0000000800000000, ArchiveRelocationMode: 0.
Compressed class space mapped at: 0x0000000801000000-0x0000000841000000, reserved size: 1073741824
Narrow klass base: 0x0000000800000000, Narrow klass shift: 0, Narrow klass range: 0x100000000

GC Precious Log:
 CardTable entry size: 512
 Card Set container configuration: InlinePtr #cards 5 size 8 Array Of Cards #cards 12 size 40 Howl #buckets 4 coarsen threshold 1843 Howl Bitmap #cards 512 size 80 coarsen threshold 460 Card regions per heap region 1 cards per card region 2048
 CPUs: 12 total, 12 available
 Memory: 6005M
 Large Page Support: Disabled
 NUMA Support: Disabled
 Compressed Oops: Enabled (32-bit)
 Heap Region Size: 1M
 Heap Min Capacity: 8M
 Heap Initial Capacity: 94M
 Heap Max Capacity: 1502M
 Pre-touch: Disabled
 Parallel Workers: 10
 Concurrent Workers: 3
 Concurrent Refinement Workers: 10
 Periodic GC: Disabled

Heap:
 garbage-first heap   total 72704K, used 63287K [0x00000000a2200000, 0x0000000100000000)
  region size 1024K, 44 young (45056K), 5 survivors (5120K)
 Metaspace       used 59874K, committed 60608K, reserved 1114112K
  class space    used 7538K, committed 7872K, reserved 1048576K

Heap Regions: E=young(eden), S=young(survivor), O=old, HS=humongous(starts), HC=humongous(continues), CS=collection set, F=free, OA=open archive, CA=closed archive, TAMS=top-at-mark-start, PB=parsable bottom
|   0|0x00000000a2200000, 0x00000000a2300000, 0x00000000a2300000|100%|HS|  |TAMS 0x00000000a2200000| PB 0x00000000a2200000| Untracked 
|   1|0x00000000a2300000, 0x00000000a2400000, 0x00000000a2400000|100%|HS|  |TAMS 0x00000000a2300000| PB 0x00000000a2300000| Untracked 
|   2|0x00000000a2400000, 0x00000000a2500000, 0x00000000a2500000|100%| O|  |TAMS 0x00000000a2400000| PB 0x00000000a2400000| Untracked 
|   3|0x00000000a2500000, 0x00000000a25ffff8, 0x00000000a2600000| 99%| O|  |TAMS 0x00000000a2500000| PB 0x00000000a2500000| Untracked 
|   4|0x00000000a2600000, 0x00000000a2700000, 0x00000000a2700000|100%| O|  |TAMS 0x00000000a2600000| PB 0x00000000a2600000| Untracked 
|   5|0x00000000a2700000, 0x00000000a2800000, 0x00000000a2800000|100%| O|  |TAMS 0x00000000a2700000| PB 0x00000000a2700000| Untracked 
|   6|0x00000000a2800000, 0x00000000a2900000, 0x00000000a2900000|100%| O|  |TAMS 0x00000000a2800000| PB 0x00000000a2800000| Untracked 
|   7|0x00000000a2900000, 0x00000000a29ffff8, 0x00000000a2a00000| 99%| O|  |TAMS 0x00000000a2900000| PB 0x00000000a2900000| Untracked 
|   8|0x00000000a2a00000, 0x00000000a2affff8, 0x00000000a2b00000| 99%| O|  |TAMS 0x00000000a2a00000| PB 0x00000000a2a00000| Untracked 
|   9|0x00000000a2b00000, 0x00000000a2bfffe0, 0x00000000a2c00000| 99%| O|  |TAMS 0x00000000a2b00000| PB 0x00000000a2b00000| Untracked 
|  10|0x00000000a2c00000, 0x00000000a2cfffe8, 0x00000000a2d00000| 99%| O|  |TAMS 0x00000000a2c00000| PB 0x00000000a2c00000| Untracked 
|  11|0x00000000a2d00000, 0x00000000a2dfff68, 0x00000000a2e00000| 99%| O|  |TAMS 0x00000000a2d00000| PB 0x00000000a2d00000| Untracked 
|  12|0x00000000a2e00000, 0x00000000a2efffe0, 0x00000000a2f00000| 99%| O|  |TAMS 0x00000000a2e00000| PB 0x00000000a2e00000| Untracked 
|  13|0x00000000a2f00000, 0x00000000a2ffff48, 0x00000000a3000000| 99%| O|  |TAMS 0x00000000a2f00000| PB 0x00000000a2f00000| Untracked 
|  14|0x00000000a3000000, 0x00000000a30ffff8, 0x00000000a3100000| 99%| O|  |TAMS 0x00000000a3000000| PB 0x00000000a3000000| Untracked 
|  15|0x00000000a3100000, 0x00000000a31fff80, 0x00000000a3200000| 99%| O|  |TAMS 0x00000000a3100000| PB 0x00000000a3100000| Untracked 
|  16|0x00000000a3200000, 0x00000000a32fff68, 0x00000000a3300000| 99%| O|  |TAMS 0x00000000a3200000| PB 0x00000000a3200000| Untracked 
|  17|0x00000000a3300000, 0x00000000a33ffff8, 0x00000000a3400000| 99%| O|  |TAMS 0x00000000a3300000| PB 0x00000000a3300000| Untracked 
|  18|0x00000000a3400000, 0x00000000a34fffe0, 0x00000000a3500000| 99%| O|  |TAMS 0x00000000a3400000| PB 0x00000000a3400000| Untracked 
|  19|0x00000000a3500000, 0x00000000a35ffff0, 0x00000000a3600000| 99%| O|  |TAMS 0x00000000a3500000| PB 0x00000000a3500000| Untracked 
|  20|0x00000000a3600000, 0x00000000a36fffc0, 0x00000000a3700000| 99%| O|  |TAMS 0x00000000a3600000| PB 0x00000000a3600000| Untracked 
|  21|0x00000000a3700000, 0x00000000a3791b58, 0x00000000a3800000| 56%| O|  |TAMS 0x00000000a3700000| PB 0x00000000a3700000| Untracked 
|  22|0x00000000a3800000, 0x00000000a388b0a8, 0x00000000a3900000| 54%| O|  |TAMS 0x00000000a3800000| PB 0x00000000a3800000| Untracked 
|  23|0x00000000a3900000, 0x00000000a3927520, 0x00000000a3a00000| 15%| O|  |TAMS 0x00000000a3900000| PB 0x00000000a3900000| Untracked 
|  24|0x00000000a3a00000, 0x00000000a3a47380, 0x00000000a3b00000| 27%| O|  |TAMS 0x00000000a3a00000| PB 0x00000000a3a00000| Untracked 
|  25|0x00000000a3b00000, 0x00000000a3b42ad0, 0x00000000a3c00000| 26%| O|  |TAMS 0x00000000a3b00000| PB 0x00000000a3b00000| Untracked 
|  26|0x00000000a3c00000, 0x00000000a3c00000, 0x00000000a3d00000|  0%| F|  |TAMS 0x00000000a3c00000| PB 0x00000000a3c00000| Untracked 
|  27|0x00000000a3d00000, 0x00000000a3d25110, 0x00000000a3e00000| 14%| S|  |TAMS 0x00000000a3d00000| PB 0x00000000a3d00000| Complete 
|  28|0x00000000a3e00000, 0x00000000a3f00000, 0x00000000a3f00000|100%| S|  |TAMS 0x00000000a3e00000| PB 0x00000000a3e00000| Complete 
|  29|0x00000000a3f00000, 0x00000000a4000000, 0x00000000a4000000|100%| S|  |TAMS 0x00000000a3f00000| PB 0x00000000a3f00000| Complete 
|  30|0x00000000a4000000, 0x00000000a4100000, 0x00000000a4100000|100%| S|  |TAMS 0x00000000a4000000| PB 0x00000000a4000000| Complete 
|  31|0x00000000a4100000, 0x00000000a4200000, 0x00000000a4200000|100%| S|  |TAMS 0x00000000a4100000| PB 0x00000000a4100000| Complete 
|  32|0x00000000a4200000, 0x00000000a4300000, 0x00000000a4300000|100%| E|CS|TAMS 0x00000000a4200000| PB 0x00000000a4200000| Complete 
|  33|0x00000000a4300000, 0x00000000a4400000, 0x00000000a4400000|100%| E|CS|TAMS 0x00000000a4300000| PB 0x00000000a4300000| Complete 
|  34|0x00000000a4400000, 0x00000000a4500000, 0x00000000a4500000|100%| E|CS|TAMS 0x00000000a4400000| PB 0x00000000a4400000| Complete 
|  35|0x00000000a4500000, 0x00000000a4600000, 0x00000000a4600000|100%| E|CS|TAMS 0x00000000a4500000| PB 0x00000000a4500000| Complete 
|  36|0x00000000a4600000, 0x00000000a4700000, 0x00000000a4700000|100%| E|CS|TAMS 0x00000000a4600000| PB 0x00000000a4600000| Complete 
|  37|0x00000000a4700000, 0x00000000a4800000, 0x00000000a4800000|100%| E|CS|TAMS 0x00000000a4700000| PB 0x00000000a4700000| Complete 
|  38|0x00000000a4800000, 0x00000000a4900000, 0x00000000a4900000|100%| E|CS|TAMS 0x00000000a4800000| PB 0x00000000a4800000| Complete 
|  39|0x00000000a4900000, 0x00000000a4a00000, 0x00000000a4a00000|100%| E|CS|TAMS 0x00000000a4900000| PB 0x00000000a4900000| Complete 
|  40|0x00000000a4a00000, 0x00000000a4b00000, 0x00000000a4b00000|100%| E|CS|TAMS 0x00000000a4a00000| PB 0x00000000a4a00000| Complete 
|  41|0x00000000a4b00000, 0x00000000a4c00000, 0x00000000a4c00000|100%| E|CS|TAMS 0x00000000a4b00000| PB 0x00000000a4b00000| Complete 
|  42|0x00000000a4c00000, 0x00000000a4d00000, 0x00000000a4d00000|100%| E|CS|TAMS 0x00000000a4c00000| PB 0x00000000a4c00000| Complete 
|  43|0x00000000a4d00000, 0x00000000a4e00000, 0x00000000a4e00000|100%| E|CS|TAMS 0x00000000a4d00000| PB 0x00000000a4d00000| Complete 
|  44|0x00000000a4e00000, 0x00000000a4f00000, 0x00000000a4f00000|100%| E|CS|TAMS 0x00000000a4e00000| PB 0x00000000a4e00000| Complete 
|  45|0x00000000a4f00000, 0x00000000a5000000, 0x00000000a5000000|100%| E|CS|TAMS 0x00000000a4f00000| PB 0x00000000a4f00000| Complete 
|  46|0x00000000a5000000, 0x00000000a5100000, 0x00000000a5100000|100%| E|CS|TAMS 0x00000000a5000000| PB 0x00000000a5000000| Complete 
|  47|0x00000000a5100000, 0x00000000a5200000, 0x00000000a5200000|100%| E|CS|TAMS 0x00000000a5100000| PB 0x00000000a5100000| Complete 
|  48|0x00000000a5200000, 0x00000000a5300000, 0x00000000a5300000|100%| E|CS|TAMS 0x00000000a5200000| PB 0x00000000a5200000| Complete 
|  49|0x00000000a5300000, 0x00000000a5400000, 0x00000000a5400000|100%| E|CS|TAMS 0x00000000a5300000| PB 0x00000000a5300000| Complete 
|  50|0x00000000a5400000, 0x00000000a5500000, 0x00000000a5500000|100%| E|CS|TAMS 0x00000000a5400000| PB 0x00000000a5400000| Complete 
|  51|0x00000000a5500000, 0x00000000a5600000, 0x00000000a5600000|100%| E|CS|TAMS 0x00000000a5500000| PB 0x00000000a5500000| Complete 
|  52|0x00000000a5600000, 0x00000000a5700000, 0x00000000a5700000|100%| E|CS|TAMS 0x00000000a5600000| PB 0x00000000a5600000| Complete 
|  53|0x00000000a5700000, 0x00000000a5800000, 0x00000000a5800000|100%| E|CS|TAMS 0x00000000a5700000| PB 0x00000000a5700000| Complete 
|  54|0x00000000a5800000, 0x00000000a5900000, 0x00000000a5900000|100%| E|CS|TAMS 0x00000000a5800000| PB 0x00000000a5800000| Complete 
|  55|0x00000000a5900000, 0x00000000a5a00000, 0x00000000a5a00000|100%| E|CS|TAMS 0x00000000a5900000| PB 0x00000000a5900000| Complete 
|  56|0x00000000a5a00000, 0x00000000a5b00000, 0x00000000a5b00000|100%| E|CS|TAMS 0x00000000a5a00000| PB 0x00000000a5a00000| Complete 
|  57|0x00000000a5b00000, 0x00000000a5c00000, 0x00000000a5c00000|100%| E|CS|TAMS 0x00000000a5b00000| PB 0x00000000a5b00000| Complete 
|  58|0x00000000a5c00000, 0x00000000a5d00000, 0x00000000a5d00000|100%| E|CS|TAMS 0x00000000a5c00000| PB 0x00000000a5c00000| Complete 
|  59|0x00000000a5d00000, 0x00000000a5e00000, 0x00000000a5e00000|100%| E|CS|TAMS 0x00000000a5d00000| PB 0x00000000a5d00000| Complete 
|  60|0x00000000a5e00000, 0x00000000a5f00000, 0x00000000a5f00000|100%| E|CS|TAMS 0x00000000a5e00000| PB 0x00000000a5e00000| Complete 
|  61|0x00000000a5f00000, 0x00000000a6000000, 0x00000000a6000000|100%| E|CS|TAMS 0x00000000a5f00000| PB 0x00000000a5f00000| Complete 
|  62|0x00000000a6000000, 0x00000000a6100000, 0x00000000a6100000|100%| E|CS|TAMS 0x00000000a6000000| PB 0x00000000a6000000| Complete 
|  63|0x00000000a6100000, 0x00000000a6200000, 0x00000000a6200000|100%| E|CS|TAMS 0x00000000a6100000| PB 0x00000000a6100000| Complete 
|  64|0x00000000a6200000, 0x00000000a6300000, 0x00000000a6300000|100%| E|CS|TAMS 0x00000000a6200000| PB 0x00000000a6200000| Complete 
|  65|0x00000000a6300000, 0x00000000a6400000, 0x00000000a6400000|100%| E|CS|TAMS 0x00000000a6300000| PB 0x00000000a6300000| Complete 
|  72|0x00000000a6a00000, 0x00000000a6b00000, 0x00000000a6b00000|100%| E|CS|TAMS 0x00000000a6a00000| PB 0x00000000a6a00000| Complete 
|  73|0x00000000a6b00000, 0x00000000a6c00000, 0x00000000a6c00000|100%| E|CS|TAMS 0x00000000a6b00000| PB 0x00000000a6b00000| Complete 
|  74|0x00000000a6c00000, 0x00000000a6d00000, 0x00000000a6d00000|100%| E|CS|TAMS 0x00000000a6c00000| PB 0x00000000a6c00000| Complete 
|  75|0x00000000a6d00000, 0x00000000a6e00000, 0x00000000a6e00000|100%| E|CS|TAMS 0x00000000a6d00000| PB 0x00000000a6d00000| Complete 
|  93|0x00000000a7f00000, 0x00000000a8000000, 0x00000000a8000000|100%| E|CS|TAMS 0x00000000a7f00000| PB 0x00000000a7f00000| Complete 

Card table byte_map: [0x0000015a5cd40000,0x0000015a5d030000] _byte_map_base: 0x0000015a5c82f000

Marking Bits: (CMBitMap*) 0x0000015a454acd50
 Bits: [0x0000015a5d320000, 0x0000015a5ea98000)

Polling page: 0x0000015a433a0000

Metaspace:

Usage:
  Non-class:     51.11 MB used.
      Class:      7.36 MB used.
       Both:     58.47 MB used.

Virtual space:
  Non-class space:       64.00 MB reserved,      51.50 MB ( 80%) committed,  1 nodes.
      Class space:        1.00 GB reserved,       7.69 MB ( <1%) committed,  1 nodes.
             Both:        1.06 GB reserved,      59.19 MB (  5%) committed. 

Chunk freelists:
   Non-Class:  302.00 KB
       Class:  285.00 KB
        Both:  587.00 KB

MaxMetaspaceSize: unlimited
CompressedClassSpaceSize: 1.00 GB
Initial GC threshold: 21.00 MB
Current GC threshold: 98.06 MB
CDS: on
MetaspaceReclaimPolicy: balanced
 - commit_granule_bytes: 65536.
 - commit_granule_words: 8192.
 - virtual_space_node_default_size: 8388608.
 - enlarge_chunks_in_place: 1.
 - new_chunks_are_fully_committed: 0.
 - uncommit_free_chunks: 1.
 - use_allocation_guard: 0.


Internal statistics:

num_allocs_failed_limit: 6.
num_arena_births: 916.
num_arena_deaths: 0.
num_vsnodes_births: 2.
num_vsnodes_deaths: 0.
num_space_committed: 947.
num_space_uncommitted: 0.
num_chunks_returned_to_freelist: 6.
num_chunks_taken_from_freelist: 3003.
num_chunk_merges: 3.
num_chunk_splits: 2113.
num_chunks_enlarged: 1581.
num_inconsistent_stats: 0.

CodeHeap 'non-profiled nmethods': size=120000Kb used=4873Kb max_used=4969Kb free=115126Kb
 bounds [0x0000015a54fd0000, 0x0000015a554b0000, 0x0000015a5c500000]
CodeHeap 'profiled nmethods': size=120000Kb used=13309Kb max_used=13309Kb free=106690Kb
 bounds [0x0000015a4d500000, 0x0000015a4e210000, 0x0000015a54a30000]
CodeHeap 'non-nmethods': size=5760Kb used=1737Kb max_used=1806Kb free=4022Kb
 bounds [0x0000015a54a30000, 0x0000015a54ca0000, 0x0000015a54fd0000]
 total_blobs=6761 nmethods=6100 adapters=570
 compilation: enabled
              stopped_count=0, restarted_count=0
 full_count=0

Compilation events (20 events):
Event: 490.667 Thread 0x0000015a616e29b0 6851       3       com.sun.crypto.provider.GaloisCounterMode::engineDoFinal (21 bytes)
Event: 490.667 Thread 0x0000015a616e29b0 nmethod 6851 0x0000015a4e1fbc90 code [0x0000015a4e1fbe40, 0x0000015a4e1fc110]
Event: 496.707 Thread 0x0000015a616e29b0 6852  s    3       java.net.Socket::setSoTimeout (47 bytes)
Event: 496.707 Thread 0x0000015a616e29b0 nmethod 6852 0x0000015a4e1fc210 code [0x0000015a4e1fc440, 0x0000015a4e1fce48]
Event: 499.111 Thread 0x0000015a616e29b0 6853       3       sun.security.ssl.OutputRecord::encrypt (26 bytes)
Event: 499.112 Thread 0x0000015a616e29b0 nmethod 6853 0x0000015a4e1fd110 code [0x0000015a4e1fd2c0, 0x0000015a4e1fd508]
Event: 499.112 Thread 0x0000015a616e29b0 6854       3       sun.security.ssl.OutputRecord::t13Encrypt (211 bytes)
Event: 499.113 Thread 0x0000015a616e29b0 nmethod 6854 0x0000015a4e1fd610 code [0x0000015a4e1fd880, 0x0000015a4e1fe510]
Event: 499.113 Thread 0x0000015a616e29b0 6855       3       sun.security.ssl.Authenticator::toLong (110 bytes)
Event: 499.113 Thread 0x0000015a616e29b0 nmethod 6855 0x0000015a4e1feb10 code [0x0000015a4e1feca0, 0x0000015a4e1fefd0]
Event: 502.475 Thread 0x0000015a616e2030 6856       4       java.util.concurrent.locks.ReentrantLock::lock (8 bytes)
Event: 502.478 Thread 0x0000015a616e2030 nmethod 6856 0x0000015a551a5710 code [0x0000015a551a5880, 0x0000015a551a5a78]
Event: 502.553 Thread 0x0000015a616e29b0 6857       1       com.mysql.cj.protocol.a.NativeProtocol::setWarningCount (6 bytes)
Event: 502.553 Thread 0x0000015a616e29b0 nmethod 6857 0x0000015a551a5410 code [0x0000015a551a5580, 0x0000015a551a5648]
Event: 532.964 Thread 0x0000015a616e29b0 6858       3       com.zaxxer.hikari.pool.PoolEntry::getState (8 bytes)
Event: 532.964 Thread 0x0000015a616e29b0 nmethod 6858 0x0000015a4e1ff110 code [0x0000015a4e1ff2c0, 0x0000015a4e1ff588]
Event: 532.964 Thread 0x0000015a616e29b0 6859       3       java.util.concurrent.atomic.AtomicIntegerFieldUpdater$AtomicIntegerFieldUpdaterImpl::get (17 bytes)
Event: 532.965 Thread 0x0000015a616e29b0 nmethod 6859 0x0000015a4e1ff690 code [0x0000015a4e1ff840, 0x0000015a4e1ffa60]
Event: 542.799 Thread 0x0000015a616e29b0 6860       3       java.lang.Thread::isSupportedClassLoader (28 bytes)
Event: 542.799 Thread 0x0000015a616e29b0 nmethod 6860 0x0000015a4e1ffb90 code [0x0000015a4e1ffd40, 0x0000015a4e1fffc8]

GC Heap History (20 events):
Event: 3.629 GC heap after
{Heap after GC invocations=9 (full 0):
 garbage-first heap   total 60416K, used 18031K [0x00000000a2200000, 0x0000000100000000)
  region size 1024K, 4 young (4096K), 4 survivors (4096K)
 Metaspace       used 29673K, committed 30144K, reserved 1114112K
  class space    used 3594K, committed 3840K, reserved 1048576K
}
Event: 4.038 GC heap before
{Heap before GC invocations=9 (full 0):
 garbage-first heap   total 60416K, used 49775K [0x00000000a2200000, 0x0000000100000000)
  region size 1024K, 35 young (35840K), 4 survivors (4096K)
 Metaspace       used 33109K, committed 33728K, reserved 1114112K
  class space    used 3996K, committed 4288K, reserved 1048576K
}
Event: 4.042 GC heap after
{Heap after GC invocations=10 (full 0):
 garbage-first heap   total 60416K, used 19668K [0x00000000a2200000, 0x0000000100000000)
  region size 1024K, 4 young (4096K), 4 survivors (4096K)
 Metaspace       used 33109K, committed 33728K, reserved 1114112K
  class space    used 3996K, committed 4288K, reserved 1048576K
}
Event: 4.239 GC heap before
{Heap before GC invocations=10 (full 0):
 garbage-first heap   total 60416K, used 28884K [0x00000000a2200000, 0x0000000100000000)
  region size 1024K, 14 young (14336K), 4 survivors (4096K)
 Metaspace       used 35491K, committed 35968K, reserved 1114112K
  class space    used 4259K, committed 4480K, reserved 1048576K
}
Event: 4.242 GC heap after
{Heap after GC invocations=11 (full 0):
 garbage-first heap   total 60416K, used 20428K [0x00000000a2200000, 0x0000000100000000)
  region size 1024K, 3 young (3072K), 3 survivors (3072K)
 Metaspace       used 35491K, committed 35968K, reserved 1114112K
  class space    used 4259K, committed 4480K, reserved 1048576K
}
Event: 4.817 GC heap before
{Heap before GC invocations=12 (full 0):
 garbage-first heap   total 60416K, used 52172K [0x00000000a2200000, 0x0000000100000000)
  region size 1024K, 34 young (34816K), 3 survivors (3072K)
 Metaspace       used 39876K, committed 40384K, reserved 1114112K
  class space    used 4822K, committed 5056K, reserved 1048576K
}
Event: 4.819 GC heap after
{Heap after GC invocations=13 (full 0):
 garbage-first heap   total 72704K, used 21504K [0x00000000a2200000, 0x0000000100000000)
  region size 1024K, 4 young (4096K), 4 survivors (4096K)
 Metaspace       used 39876K, committed 40384K, reserved 1114112K
  class space    used 4822K, committed 5056K, reserved 1048576K
}
Event: 5.209 GC heap before
{Heap before GC invocations=13 (full 0):
 garbage-first heap   total 72704K, used 60416K [0x00000000a2200000, 0x0000000100000000)
  region size 1024K, 42 young (43008K), 4 survivors (4096K)
 Metaspace       used 43484K, committed 44032K, reserved 1114112K
  class space    used 5390K, committed 5632K, reserved 1048576K
}
Event: 5.212 GC heap after
{Heap after GC invocations=14 (full 0):
 garbage-first heap   total 72704K, used 22349K [0x00000000a2200000, 0x0000000100000000)
  region size 1024K, 3 young (3072K), 3 survivors (3072K)
 Metaspace       used 43484K, committed 44032K, reserved 1114112K
  class space    used 5390K, committed 5632K, reserved 1048576K
}
Event: 5.683 GC heap before
{Heap before GC invocations=14 (full 0):
 garbage-first heap   total 72704K, used 61261K [0x00000000a2200000, 0x0000000100000000)
  region size 1024K, 42 young (43008K), 3 survivors (3072K)
 Metaspace       used 47439K, committed 48000K, reserved 1114112K
  class space    used 5964K, committed 6208K, reserved 1048576K
}
Event: 5.687 GC heap after
{Heap after GC invocations=15 (full 0):
 garbage-first heap   total 72704K, used 23210K [0x00000000a2200000, 0x0000000100000000)
  region size 1024K, 4 young (4096K), 4 survivors (4096K)
 Metaspace       used 47439K, committed 48000K, reserved 1114112K
  class space    used 5964K, committed 6208K, reserved 1048576K
}
Event: 6.058 GC heap before
{Heap before GC invocations=15 (full 0):
 garbage-first heap   total 72704K, used 61098K [0x00000000a2200000, 0x0000000100000000)
  region size 1024K, 42 young (43008K), 4 survivors (4096K)
 Metaspace       used 51834K, committed 52352K, reserved 1114112K
  class space    used 6600K, committed 6848K, reserved 1048576K
}
Event: 6.061 GC heap after
{Heap after GC invocations=16 (full 0):
 garbage-first heap   total 72704K, used 23815K [0x00000000a2200000, 0x0000000100000000)
  region size 1024K, 4 young (4096K), 4 survivors (4096K)
 Metaspace       used 51834K, committed 52352K, reserved 1114112K
  class space    used 6600K, committed 6848K, reserved 1048576K
}
Event: 6.665 GC heap before
{Heap before GC invocations=16 (full 0):
 garbage-first heap   total 72704K, used 62727K [0x00000000a2200000, 0x0000000100000000)
  region size 1024K, 42 young (43008K), 4 survivors (4096K)
 Metaspace       used 55032K, committed 55680K, reserved 1114112K
  class space    used 7004K, committed 7296K, reserved 1048576K
}
Event: 6.669 GC heap after
{Heap after GC invocations=17 (full 0):
 garbage-first heap   total 72704K, used 26137K [0x00000000a2200000, 0x0000000100000000)
  region size 1024K, 5 young (5120K), 5 survivors (5120K)
 Metaspace       used 55032K, committed 55680K, reserved 1114112K
  class space    used 7004K, committed 7296K, reserved 1048576K
}
Event: 159.888 GC heap before
{Heap before GC invocations=17 (full 0):
 garbage-first heap   total 72704K, used 60953K [0x00000000a2200000, 0x0000000100000000)
  region size 1024K, 40 young (40960K), 5 survivors (5120K)
 Metaspace       used 58495K, committed 59072K, reserved 1114112K
  class space    used 7407K, committed 7680K, reserved 1048576K
}
Event: 159.900 GC heap after
{Heap after GC invocations=18 (full 0):
 garbage-first heap   total 72704K, used 27671K [0x00000000a2200000, 0x0000000100000000)
  region size 1024K, 5 young (5120K), 5 survivors (5120K)
 Metaspace       used 58495K, committed 59072K, reserved 1114112K
  class space    used 7407K, committed 7680K, reserved 1048576K
}
Event: 381.388 GC heap before
{Heap before GC invocations=18 (full 0):
 garbage-first heap   total 72704K, used 39959K [0x00000000a2200000, 0x0000000100000000)
  region size 1024K, 18 young (18432K), 5 survivors (5120K)
 Metaspace       used 59492K, committed 60224K, reserved 1114112K
  class space    used 7524K, committed 7872K, reserved 1048576K
}
Event: 381.632 GC heap after
{Heap after GC invocations=19 (full 1):
 garbage-first heap   total 72704K, used 23351K [0x00000000a2200000, 0x0000000100000000)
  region size 1024K, 0 young (0K), 0 survivors (0K)
 Metaspace       used 59492K, committed 60224K, reserved 1114112K
  class space    used 7524K, committed 7872K, reserved 1048576K
}
Event: 543.267 GC heap before
{Heap before GC invocations=19 (full 1):
 garbage-first heap   total 72704K, used 62263K [0x00000000a2200000, 0x0000000100000000)
  region size 1024K, 39 young (39936K), 0 survivors (0K)
 Metaspace       used 59874K, committed 60608K, reserved 1114112K
  class space    used 7538K, committed 7872K, reserved 1048576K
}

Dll operation events (13 events):
Event: 0.008 Loaded shared library C:\Program Files\Java\jdk-20\bin\java.dll
Event: 0.016 Loaded shared library C:\Program Files\Java\jdk-20\bin\jsvml.dll
Event: 0.168 Loaded shared library C:\Program Files\Java\jdk-20\bin\zip.dll
Event: 0.170 Loaded shared library C:\Program Files\Java\jdk-20\bin\instrument.dll
Event: 0.174 Loaded shared library C:\Program Files\Java\jdk-20\bin\net.dll
Event: 0.175 Loaded shared library C:\Program Files\Java\jdk-20\bin\nio.dll
Event: 0.178 Loaded shared library C:\Program Files\Java\jdk-20\bin\zip.dll
Event: 0.296 Loaded shared library C:\Program Files\Java\jdk-20\bin\jimage.dll
Event: 0.338 Loaded shared library C:\Program Files\Java\jdk-20\bin\verify.dll
Event: 0.682 Loaded shared library C:\Program Files\Java\jdk-20\bin\management.dll
Event: 0.685 Loaded shared library C:\Program Files\Java\jdk-20\bin\management_ext.dll
Event: 1.764 Loaded shared library C:\Program Files\Java\jdk-20\bin\sunmscapi.dll
Event: 4.021 Loaded shared library C:\Program Files\Java\jdk-20\bin\extnet.dll

Deoptimization events (20 events):
Event: 382.891 Thread 0x0000015a6e0b5dd0 DEOPT PACKING pc=0x0000015a4da8856c sp=0x00000005813fce90
Event: 382.891 Thread 0x0000015a6e0b5dd0 DEOPT UNPACKING pc=0x0000015a54a9a4c2 sp=0x00000005813fc430 mode 1
Event: 382.923 Thread 0x0000015a6e0aee40 DEOPT PACKING pc=0x0000015a4d53e052 sp=0x00000005839fdaf0
Event: 382.923 Thread 0x0000015a6e0aee40 DEOPT UNPACKING pc=0x0000015a54a9a4c2 sp=0x00000005839fcfb0 mode 0
Event: 382.986 Thread 0x0000015a6e0aee40 DEOPT PACKING pc=0x0000015a4d53e052 sp=0x00000005839fdbf0
Event: 382.986 Thread 0x0000015a6e0aee40 DEOPT UNPACKING pc=0x0000015a54a9a4c2 sp=0x00000005839fd0b0 mode 0
Event: 383.107 Thread 0x0000015a6e0aee40 DEOPT PACKING pc=0x0000015a4d53e052 sp=0x00000005839fd9c0
Event: 383.107 Thread 0x0000015a6e0aee40 DEOPT UNPACKING pc=0x0000015a54a9a4c2 sp=0x00000005839fce80 mode 0
Event: 383.108 Thread 0x0000015a6e0aee40 DEOPT PACKING pc=0x0000015a4d60d6ca sp=0x00000005839fdb70
Event: 383.108 Thread 0x0000015a6e0aee40 DEOPT UNPACKING pc=0x0000015a54a9a4c2 sp=0x00000005839fcff8 mode 0
Event: 383.173 Thread 0x0000015a6e0aee40 DEOPT PACKING pc=0x0000015a4d53e052 sp=0x00000005839fd610
Event: 383.173 Thread 0x0000015a6e0aee40 DEOPT UNPACKING pc=0x0000015a54a9a4c2 sp=0x00000005839fcad0 mode 0
Event: 383.295 Thread 0x0000015a6e0aee40 DEOPT PACKING pc=0x0000015a4e14f3e3 sp=0x00000005839fd8d0
Event: 383.295 Thread 0x0000015a6e0aee40 DEOPT UNPACKING pc=0x0000015a54a9a4c2 sp=0x00000005839fcd50 mode 0
Event: 383.296 Thread 0x0000015a6e0aee40 DEOPT PACKING pc=0x0000015a4d53e052 sp=0x00000005839fd510
Event: 383.296 Thread 0x0000015a6e0aee40 DEOPT UNPACKING pc=0x0000015a54a9a4c2 sp=0x00000005839fc9d0 mode 0
Event: 383.359 Thread 0x0000015a6e0aee40 DEOPT PACKING pc=0x0000015a4d56f783 sp=0x00000005839fd9c0
Event: 383.359 Thread 0x0000015a6e0aee40 DEOPT UNPACKING pc=0x0000015a54a9a4c2 sp=0x00000005839fce50 mode 0
Event: 543.242 Thread 0x0000015a6e0b5dd0 DEOPT PACKING pc=0x0000015a4d8ae554 sp=0x00000005813fdb50
Event: 543.242 Thread 0x0000015a6e0b5dd0 DEOPT UNPACKING pc=0x0000015a54a9a4c2 sp=0x00000005813fd008 mode 0

Classes loaded (20 events):
Event: 381.114 Loading class java/util/concurrent/locks/AbstractQueuedSynchronizer$SharedNode
Event: 381.116 Loading class java/util/concurrent/locks/AbstractQueuedSynchronizer$SharedNode done
Event: 381.304 Loading class sun/security/ssl/Alert
Event: 381.305 Loading class sun/security/ssl/Alert done
Event: 381.308 Loading class sun/security/ssl/Alert$AlertConsumer
Event: 381.309 Loading class sun/security/ssl/Alert$AlertConsumer done
Event: 381.309 Loading class sun/security/ssl/Alert$Level
Event: 381.309 Loading class sun/security/ssl/Alert$Level done
Event: 381.314 Loading class sun/net/ConnectionResetException
Event: 381.315 Loading class sun/net/ConnectionResetException done
Event: 381.369 Loading class java/util/WeakHashMap$KeyIterator
Event: 381.370 Loading class java/util/WeakHashMap$HashIterator
Event: 381.370 Loading class java/util/WeakHashMap$HashIterator done
Event: 381.370 Loading class java/util/WeakHashMap$KeyIterator done
Event: 381.634 Loading class java/lang/ref/Finalizer$2
Event: 381.636 Loading class java/lang/ref/Finalizer$2 done
Event: 381.639 Loading class java/lang/ref/Finalizer$1
Event: 381.639 Loading class java/lang/ref/Finalizer$1 done
Event: 382.891 Loading class java/lang/invoke/WrongMethodTypeException
Event: 382.892 Loading class java/lang/invoke/WrongMethodTypeException done

Classes unloaded (0 events):
No events

Classes redefined (0 events):
No events

Internal exceptions (20 events):
Event: 159.597 Thread 0x0000015a6e0af390 Exception <a 'java/lang/NoSuchMethodError'{0x00000000a5818338}: 'java.lang.Object java.lang.invoke.DirectMethodHandle$Holder.invokeStatic(java.lang.Object, java.lang.Object, java.lang.Object, int, int)'> (0x00000000a5818338) 
thrown [s\open\src\hotspot\share\interpreter\linkResolver.cpp, line 773]
Event: 159.598 Thread 0x0000015a6e0af390 Exception <a 'java/lang/NoSuchMethodError'{0x00000000a581bad8}: 'java.lang.Object java.lang.invoke.DirectMethodHandle$Holder.invokeStaticInit(java.lang.Object, java.lang.Object, java.lang.Object, int, int)'> (0x00000000a581bad8) 
thrown [s\open\src\hotspot\share\interpreter\linkResolver.cpp, line 773]
Event: 159.667 Thread 0x0000015a6e0b18c0 Exception <a 'java/lang/NoSuchMethodError'{0x00000000a5542598}: 'java.lang.Object java.lang.invoke.DirectMethodHandle$Holder.invokeSpecial(java.lang.Object, java.lang.Object, java.lang.Object, java.lang.Object, java.lang.Object, long)'> (0x00000000a5542598) 
thrown [s\open\src\hotspot\share\interpreter\linkResolver.cpp, line 773]
Event: 159.667 Thread 0x0000015a6e0b18c0 Exception <a 'java/lang/NoSuchMethodError'{0x00000000a5545d58}: 'java.lang.Object java.lang.invoke.Invokers$Holder.linkToTargetMethod(java.lang.Object, java.lang.Object, java.lang.Object, long, java.lang.Object)'> (0x00000000a5545d58) 
thrown [s\open\src\hotspot\share\interpreter\linkResolver.cpp, line 773]
Event: 159.981 Thread 0x0000015a6e0b18c0 Exception <a 'java/lang/NoSuchMethodError'{0x00000000a63c9100}: 'double java.lang.invoke.DirectMethodHandle$Holder.invokeVirtual(java.lang.Object, java.lang.Object)'> (0x00000000a63c9100) 
thrown [s\open\src\hotspot\share\interpreter\linkResolver.cpp, line 773]
Event: 159.981 Thread 0x0000015a6e0b18c0 Exception <a 'java/lang/NoSuchMethodError'{0x00000000a63d02a0}: 'double java.lang.invoke.DelegatingMethodHandle$Holder.reinvoke_L(java.lang.Object, java.lang.Object)'> (0x00000000a63d02a0) 
thrown [s\open\src\hotspot\share\interpreter\linkResolver.cpp, line 773]
Event: 381.313 Thread 0x0000015a6e0b0380 Exception <a 'java/io/IOException'{0x00000000a5dee9b8}> (0x00000000a5dee9b8) 
thrown [s\open\src\hotspot\share\prims\jni.cpp, line 519]
Event: 381.314 Thread 0x0000015a6e0b0380 Exception <a 'java/io/IOException'{0x00000000a5def008}> (0x00000000a5def008) 
thrown [s\open\src\hotspot\share\prims\jni.cpp, line 519]
Event: 381.324 Thread 0x0000015a6e0b0380 Exception <a 'java/io/IOException'{0x00000000a5dfa188}> (0x00000000a5dfa188) 
thrown [s\open\src\hotspot\share\prims\jni.cpp, line 519]
Event: 381.327 Thread 0x0000015a6e0b0380 Exception <a 'java/io/IOException'{0x00000000a5c01ab8}> (0x00000000a5c01ab8) 
thrown [s\open\src\hotspot\share\prims\jni.cpp, line 519]
Event: 381.375 Thread 0x0000015a680e7cc0 Exception <a 'java/lang/InterruptedException'{0x00000000a5c4c0f8}: sleep interrupted> (0x00000000a5c4c0f8) 
thrown [s\open\src\hotspot\share\prims\jvm.cpp, line 3086]
Event: 381.676 Thread 0x0000015a6e0b5dd0 Exception <a 'sun/nio/fs/WindowsException'{0x00000000a7f825b8}> (0x00000000a7f825b8) 
thrown [s\open\src\hotspot\share\prims\jni.cpp, line 519]
Event: 382.494 Thread 0x0000015a6e0b5dd0 Exception <a 'java/lang/NoClassDefFoundError'{0x00000000a53599a0}: org/flywaydb/core/Flyway> (0x00000000a53599a0) 
thrown [s\open\src\hotspot\share\oops\constantPool.cpp, line 848]
Event: 382.498 Thread 0x0000015a6e0b5dd0 Exception <a 'java/lang/NoClassDefFoundError'{0x00000000a535a000}: liquibase/integration/spring/SpringLiquibase> (0x00000000a535a000) 
thrown [s\open\src\hotspot\share\oops\constantPool.cpp, line 848]
Event: 382.502 Thread 0x0000015a6e0b5dd0 Exception <a 'java/lang/NoClassDefFoundError'{0x00000000a537ccb0}: org/jooq/DSLContext> (0x00000000a537ccb0) 
thrown [s\open\src\hotspot\share\oops\constantPool.cpp, line 848]
Event: 382.508 Thread 0x0000015a6e0b5dd0 Exception <a 'java/lang/NoClassDefFoundError'{0x00000000a53b8b80}: org/springframework/batch/core/repository/JobRepository> (0x00000000a53b8b80) 
thrown [s\open\src\hotspot\share\oops\constantPool.cpp, line 848]
Event: 382.509 Thread 0x0000015a6e0b5dd0 Exception <a 'java/lang/NoClassDefFoundError'{0x00000000a53b91d8}: org/quartz/Scheduler> (0x00000000a53b91d8) 
thrown [s\open\src\hotspot\share\oops\constantPool.cpp, line 848]
Event: 382.511 Thread 0x0000015a6e0b5dd0 Exception <a 'java/lang/NoClassDefFoundError'{0x00000000a53b9858}: org/springframework/session/jdbc/JdbcIndexedSessionRepository> (0x00000000a53b9858) 
thrown [s\open\src\hotspot\share\oops\constantPool.cpp, line 848]
Event: 382.638 Thread 0x0000015a6e0b5dd0 Exception <a 'java/io/FileNotFoundException'{0x00000000a4d3d010}> (0x00000000a4d3d010) 
thrown [s\open\src\hotspot\share\prims\jni.cpp, line 519]
Event: 382.676 Thread 0x0000015a6e0b5dd0 Exception <a 'java/io/FileNotFoundException'{0x00000000a4cea000}> (0x00000000a4cea000) 
thrown [s\open\src\hotspot\share\prims\jni.cpp, line 519]

VM Operations (20 events):
Event: 354.215 Executing VM operation: Cleanup done
Event: 381.342 Executing VM operation: Cleanup
Event: 381.343 Executing VM operation: Cleanup done
Event: 381.380 Executing VM operation: G1CollectFull
Event: 381.633 Executing VM operation: G1CollectFull done
Event: 382.485 Executing VM operation: ICBufferFull
Event: 382.486 Executing VM operation: ICBufferFull done
Event: 384.497 Executing VM operation: Cleanup
Event: 384.498 Executing VM operation: Cleanup done
Event: 477.032 Executing VM operation: Cleanup
Event: 477.033 Executing VM operation: Cleanup done
Event: 491.143 Executing VM operation: Cleanup
Event: 491.143 Executing VM operation: Cleanup done
Event: 503.214 Executing VM operation: Cleanup
Event: 503.214 Executing VM operation: Cleanup done
Event: 543.240 Executing VM operation: ChangeSingleStep
Event: 543.240 Executing VM operation: ChangeSingleStep done
Event: 543.242 Executing VM operation: ChangeSingleStep
Event: 543.243 Executing VM operation: ChangeSingleStep done
Event: 543.267 Executing VM operation: G1CollectForAllocation

Events (20 events):
Event: 381.589 Thread 0x0000015a616b1200 flushing nmethod 0x0000015a55054710
Event: 381.589 Thread 0x0000015a616b1200 flushing nmethod 0x0000015a55000710
Event: 381.589 Thread 0x0000015a616b1200 flushing nmethod 0x0000015a5503a690
Event: 381.589 Thread 0x0000015a616b1200 flushing nmethod 0x0000015a54ffef90
Event: 381.589 Thread 0x0000015a616b1200 flushing nmethod 0x0000015a55006490
Event: 381.589 Thread 0x0000015a616b1200 flushing nmethod 0x0000015a55002a10
Event: 381.589 Thread 0x0000015a616b1200 flushing nmethod 0x0000015a54fdca10
Event: 381.589 Thread 0x0000015a616b1200 flushing nmethod 0x0000015a54fda010
Event: 381.589 Thread 0x0000015a616b1200 flushing nmethod 0x0000015a54fd0a10
Event: 381.640 Thread 0x0000015a6e0b38a0 Thread added: 0x0000015a6e0b38a0
Event: 381.640 Thread 0x0000015a6e0b38a0 Thread exited: 0x0000015a6e0b38a0
Event: 381.641 Thread 0x0000015a6e0b5dd0 Thread added: 0x0000015a6e0b5dd0
Event: 381.782 Thread 0x0000015a6e0af390 Thread added: 0x0000015a6e0af390
Event: 381.848 Thread 0x0000015a6e0af390 Thread exited: 0x0000015a6e0af390
Event: 382.676 Thread 0x0000015a6e0b18c0 Thread added: 0x0000015a6e0b18c0
Event: 382.677 Thread 0x0000015a6e0b28b0 Thread added: 0x0000015a6e0b28b0
Event: 382.677 Thread 0x0000015a6e0b6320 Thread added: 0x0000015a6e0b6320
Event: 382.793 Thread 0x0000015a6e0b5330 Thread added: 0x0000015a6e0b5330
Event: 382.910 Thread 0x0000015a6e0aee40 Thread added: 0x0000015a6e0aee40
Event: 388.482 Thread 0x0000015a6e0aee40 Thread exited: 0x0000015a6e0aee40


Dynamic libraries:
0x00007ff6d0c80000 - 0x00007ff6d0c90000 	C:\Program Files\Java\jdk-20\bin\javaw.exe
0x00007ffef6e50000 - 0x00007ffef7067000 	C:\WINDOWS\SYSTEM32\ntdll.dll
0x00007ffef6760000 - 0x00007ffef6824000 	C:\WINDOWS\System32\KERNEL32.DLL
0x00007ffef4700000 - 0x00007ffef4ad3000 	C:\WINDOWS\System32\KERNELBASE.dll
0x00007ffef41c0000 - 0x00007ffef42d1000 	C:\WINDOWS\System32\ucrtbase.dll
0x00007ffeed450000 - 0x00007ffeed46b000 	C:\Program Files\Java\jdk-20\bin\VCRUNTIME140.dll
0x00007ffeeaea0000 - 0x00007ffeeaeb9000 	C:\Program Files\Java\jdk-20\bin\jli.dll
0x00007ffef6830000 - 0x00007ffef68e1000 	C:\WINDOWS\System32\ADVAPI32.dll
0x00007ffef6b30000 - 0x00007ffef6bd7000 	C:\WINDOWS\System32\msvcrt.dll
0x00007ffef66b0000 - 0x00007ffef6757000 	C:\WINDOWS\System32\sechost.dll
0x00007ffef4360000 - 0x00007ffef4388000 	C:\WINDOWS\System32\bcrypt.dll
0x00007ffef6590000 - 0x00007ffef66a4000 	C:\WINDOWS\System32\RPCRT4.dll
0x00007ffef6be0000 - 0x00007ffef6d91000 	C:\WINDOWS\System32\USER32.dll
0x00007ffef4060000 - 0x00007ffef4086000 	C:\WINDOWS\System32\win32u.dll
0x00007ffee1ea0000 - 0x00007ffee213b000 	C:\WINDOWS\WinSxS\amd64_microsoft.windows.common-controls_6595b64144ccf1df_6.0.22621.5262_none_2712bde373830908\COMCTL32.dll
0x00007ffef5950000 - 0x00007ffef5979000 	C:\WINDOWS\System32\GDI32.dll
0x00007ffef4090000 - 0x00007ffef41b2000 	C:\WINDOWS\System32\gdi32full.dll
0x00007ffef3f40000 - 0x00007ffef3fda000 	C:\WINDOWS\System32\msvcp_win.dll
0x00007ffeeaad0000 - 0x00007ffeeaada000 	C:\WINDOWS\SYSTEM32\VERSION.dll
0x00007ffef5910000 - 0x00007ffef5941000 	C:\WINDOWS\System32\IMM32.DLL
0x00007ffeef990000 - 0x00007ffeef99c000 	C:\Program Files\Java\jdk-20\bin\vcruntime140_1.dll
0x00007ffedc4c0000 - 0x00007ffedc54e000 	C:\Program Files\Java\jdk-20\bin\msvcp140.dll
0x00007ffeb2670000 - 0x00007ffeb3307000 	C:\Program Files\Java\jdk-20\bin\server\jvm.dll
0x00007ffeeeff0000 - 0x00007ffeef024000 	C:\WINDOWS\SYSTEM32\WINMM.dll
0x00007ffeef8e0000 - 0x00007ffeef8e9000 	C:\WINDOWS\SYSTEM32\WSOCK32.dll
0x00007ffef5980000 - 0x00007ffef59f1000 	C:\WINDOWS\System32\WS2_32.dll
0x00007ffef2f80000 - 0x00007ffef2f98000 	C:\WINDOWS\SYSTEM32\kernel.appcore.dll
0x00007ffeee6d0000 - 0x00007ffeee6da000 	C:\Program Files\Java\jdk-20\bin\jimage.dll
0x00007ffef1a10000 - 0x00007ffef1c42000 	C:\WINDOWS\SYSTEM32\DBGHELP.DLL
0x00007ffef5a70000 - 0x00007ffef5e03000 	C:\WINDOWS\System32\combase.dll
0x00007ffef5820000 - 0x00007ffef58f7000 	C:\WINDOWS\System32\OLEAUT32.dll
0x00007ffeeb1f0000 - 0x00007ffeeb222000 	C:\WINDOWS\SYSTEM32\dbgcore.DLL
0x00007ffef42e0000 - 0x00007ffef435b000 	C:\WINDOWS\System32\bcryptPrimitives.dll
0x00007ffedc480000 - 0x00007ffedc4bc000 	C:\Program Files\Java\jdk-20\bin\jdwp.dll
0x00007ffeeb840000 - 0x00007ffeeb84e000 	C:\Program Files\Java\jdk-20\bin\instrument.dll
0x00007ffeea080000 - 0x00007ffeea0a6000 	C:\Program Files\Java\jdk-20\bin\java.dll
0x00007ffed9990000 - 0x00007ffed9a67000 	C:\Program Files\Java\jdk-20\bin\jsvml.dll
0x00007ffef4ae0000 - 0x00007ffef537d000 	C:\WINDOWS\System32\SHELL32.dll
0x00007ffef45c0000 - 0x00007ffef46ff000 	C:\WINDOWS\System32\wintypes.dll
0x00007ffef1e80000 - 0x00007ffef279d000 	C:\WINDOWS\SYSTEM32\windows.storage.dll
0x00007ffef5e80000 - 0x00007ffef5f8b000 	C:\WINDOWS\System32\SHCORE.dll
0x00007ffef5a00000 - 0x00007ffef5a66000 	C:\WINDOWS\System32\shlwapi.dll
0x00007ffef3e70000 - 0x00007ffef3e9b000 	C:\WINDOWS\SYSTEM32\profapi.dll
0x00007ffeeb830000 - 0x00007ffeeb83c000 	C:\Program Files\Java\jdk-20\bin\dt_socket.dll
0x00007ffef2a40000 - 0x00007ffef2a6d000 	C:\WINDOWS\SYSTEM32\IPHLPAPI.DLL
0x00007ffef3400000 - 0x00007ffef346a000 	C:\WINDOWS\system32\mswsock.dll
0x00007ffef2a70000 - 0x00007ffef2b68000 	C:\WINDOWS\SYSTEM32\DNSAPI.dll
0x00007ffef60f0000 - 0x00007ffef60f9000 	C:\WINDOWS\System32\NSI.dll
0x00007ffeea140000 - 0x00007ffeea14a000 	C:\Windows\System32\rasadhlp.dll
0x00007ffeee220000 - 0x00007ffeee2a3000 	C:\WINDOWS\System32\fwpuclnt.dll
0x00007ffee45f0000 - 0x00007ffee4608000 	C:\Program Files\Java\jdk-20\bin\zip.dll
0x00007ffeea020000 - 0x00007ffeea033000 	C:\Program Files\Java\jdk-20\bin\net.dll
0x00007ffeef200000 - 0x00007ffeef32c000 	C:\WINDOWS\SYSTEM32\WINHTTP.dll
0x00007ffee4640000 - 0x00007ffee4656000 	C:\Program Files\Java\jdk-20\bin\nio.dll
0x00007ffeea180000 - 0x00007ffeea190000 	C:\Program Files\Java\jdk-20\bin\verify.dll
0x00007ffee1430000 - 0x00007ffee143a000 	C:\Program Files\Java\jdk-20\bin\management.dll
0x00007ffee1060000 - 0x00007ffee106b000 	C:\Program Files\Java\jdk-20\bin\management_ext.dll
0x00007ffef6100000 - 0x00007ffef6108000 	C:\WINDOWS\System32\PSAPI.DLL
0x00007ffeea070000 - 0x00007ffeea07e000 	C:\Program Files\Java\jdk-20\bin\sunmscapi.dll
0x00007ffef4390000 - 0x00007ffef44f7000 	C:\WINDOWS\System32\CRYPT32.dll
0x00007ffef3810000 - 0x00007ffef383d000 	C:\WINDOWS\SYSTEM32\ncrypt.dll
0x00007ffef37d0000 - 0x00007ffef3807000 	C:\WINDOWS\SYSTEM32\NTASN1.dll
0x00007ffef3660000 - 0x00007ffef367b000 	C:\WINDOWS\SYSTEM32\CRYPTSP.dll
0x00007ffef2ee0000 - 0x00007ffef2f17000 	C:\WINDOWS\system32\rsaenh.dll
0x00007ffef34f0000 - 0x00007ffef3518000 	C:\WINDOWS\SYSTEM32\USERENV.dll
0x00007ffef3650000 - 0x00007ffef365c000 	C:\WINDOWS\SYSTEM32\CRYPTBASE.dll
0x00007ffeef9f0000 - 0x00007ffeefa09000 	C:\WINDOWS\SYSTEM32\dhcpcsvc6.DLL
0x00007ffeeefd0000 - 0x00007ffeeefef000 	C:\WINDOWS\SYSTEM32\dhcpcsvc.DLL
0x00007ffeed490000 - 0x00007ffeed497000 	C:\Program Files\Java\jdk-20\bin\extnet.dll
0x00007ffe9ce80000 - 0x00007ffe9ce88000 	C:\WINDOWS\system32\wshunix.dll

dbghelp: loaded successfully - version: 4.0.5 - missing functions: none
symbol engine: initialized successfully - sym options: 0x614 - pdb path: .;C:\Program Files\Java\jdk-20\bin;C:\WINDOWS\SYSTEM32;C:\WINDOWS\WinSxS\amd64_microsoft.windows.common-controls_6595b64144ccf1df_6.0.22621.5262_none_2712bde373830908;C:\Program Files\Java\jdk-20\bin\server

VM Arguments:
jvm_args: -XX:+ShowCodeDetailsInExceptionMessages -agentlib:jdwp=transport=dt_socket,suspend=y,address=localhost:54195 -javaagent:C:\Users\karth\eclipse\jee-2023-06\eclipse\configuration\org.eclipse.osgi\430\0\.cp\lib\javaagent-shaded.jar -Dfile.encoding=UTF-8 
java_command: com.example1.SpringDataJPA1.SpringDataJpa1Application
java_class_path (initial): C:\Users\karth\Downloads\SpringDataJPA1\SpringDataJPA1\target\classes;C:\Users\karth\.m2\repository\org\springframework\boot\spring-boot-starter-data-jpa\3.5.0\spring-boot-starter-data-jpa-3.5.0.jar;C:\Users\karth\.m2\repository\org\springframework\boot\spring-boot-starter\3.5.0\spring-boot-starter-3.5.0.jar;C:\Users\karth\.m2\repository\org\springframework\boot\spring-boot-starter-logging\3.5.0\spring-boot-starter-logging-3.5.0.jar;C:\Users\karth\.m2\repository\ch\qos\logback\logback-classic\1.5.18\logback-classic-1.5.18.jar;C:\Users\karth\.m2\repository\ch\qos\logback\logback-core\1.5.18\logback-core-1.5.18.jar;C:\Users\karth\.m2\repository\org\apache\logging\log4j\log4j-to-slf4j\2.24.3\log4j-to-slf4j-2.24.3.jar;C:\Users\karth\.m2\repository\org\apache\logging\log4j\log4j-api\2.24.3\log4j-api-2.24.3.jar;C:\Users\karth\.m2\repository\org\slf4j\jul-to-slf4j\2.0.17\jul-to-slf4j-2.0.17.jar;C:\Users\karth\.m2\repository\jakarta\annotation\jakarta.annotation-api\2.1.1\jakarta.annotation-api-2.1.1.jar;C:\Users\karth\.m2\repository\org\yaml\snakeyaml\2.4\snakeyaml-2.4.jar;C:\Users\karth\.m2\repository\org\springframework\boot\spring-boot-starter-jdbc\3.5.0\spring-boot-starter-jdbc-3.5.0.jar;C:\Users\karth\.m2\repository\com\zaxxer\HikariCP\6.3.0\HikariCP-6.3.0.jar;C:\Users\karth\.m2\repository\org\springframework\spring-jdbc\6.2.7\spring-jdbc-6.2.7.jar;C:\Users\karth\.m2\repository\org\hibernate\orm\hibernate-core\6.6.15.Final\hibernate-core-6.6.15.Final.jar;C:\Users\karth\.m2\repository\jakarta\persistence\jakarta.persistence-api\3.1.0\jakarta.persistence-api-3.1.0.jar;C:\Users\karth\.m2\repository\jakarta\transaction\jakarta.transaction-api\2.0.1\jakarta.transaction-api-2.0.1.jar;C:\Users\karth\.m2\repository\org\jboss\logging\jboss-logging\3.6.1.Final\jboss-logging-3.6.1.Final.jar;C:\Users\karth\.m2\repository\org\hibernate\common\hibernate-commons-annotations\7.0.3.Final\hibernate-commons-annotations-7.0.3.Final.jar;C:\Users\karth\.m2\repository\io\smallrye\jandex\3.2.0\jandex-3.2.0.jar;C:\Users\karth\.m2\repository\com\fasterxml\classmate\1.7.0\classmate-1.7.0.jar;C:\Users\karth\.m2\repository\net\bytebuddy\byte-buddy\1.17.5\byte-buddy-1.17.5.jar;C:\Users\karth\.m2\repository\org\glassfish\jaxb\jaxb-runtime\4.0.5\jaxb-runtime-4.0.5.jar;C:\Users\karth\.m2\repository\org\glassfish\jaxb\jaxb-core\4.0.5\jaxb-core-4.0.5.jar;C:\Users\karth\.m2\repository\org\eclipse\angus\angus-activation\2.0.2\angus-activation-2.0.2.jar;C:\Users\karth\.m2\repository\org\glassfish\jaxb\txw2\4.0.5\txw2-4.0.5.jar;C:\Users\karth\.m2\repository\com\sun\istack\istack-commons-runtime\4.1.2\istack-commons-runtime-4.1.2.jar;C:\Users\karth\.m2\repository\jakarta\inject\jakarta.inject-api\2.0.1\jakarta.inject-api-2.0.1.jar;C:\Users\karth\.m2\repository\org\antlr\antlr4-runtime\4.13.0\antlr4-runtime-4.13.0.jar;C:\Users\karth\.m2\repository\org\springframework\data\spring-data-jpa\3.5.0\spring-data-jpa-3.5.0.jar;C:\Users\karth\.m2\repository\org\springframework\data\spring-data-commons\3.5.0\spring-data-commons-3.5.0.jar;C:\Users\karth\.m2\repository\org\springframework\spring-orm\6.2.7\spring-orm-6.2.7.jar;C:\Users\karth\.m2\repository\org\springframework\spring-context\6.2.7\spring-context-6.2.7.jar;C:\Users\karth\.m2\repository\org\springframework\spring-aop\6.2.7\spring-aop-6.2.7.jar;C:\Users\karth\.m2\repository\org\springframework\spring-tx\6.2.7\spring-tx-6.2.7.jar;C:\Users\karth\.m2\repository\org\springframework\spring-beans\6.2.7\spring-beans-6.2.7.jar;C:\Users\karth\.m2\repository\org\slf4j\slf4j-api\2.0.17\slf4j-api-2.0.17.jar;C:\Users\karth\.m2\repository\org\springframework\spring-aspects\6.2.7\spring-aspects-6.2.7.jar;C:\Users\karth\.m2\repository\org\aspectj\aspectjweaver\1.9.24\aspectjweaver-1.9.24.jar;C:\Users\karth\.m2\repository\org\springframework\boot\spring-boot-starter-web\3.5.0\spring-boot-starter-web-3.5.0.jar;C:\Users\karth\.m2\repository\org\springframework\boot\spring-boot-starter-json\3.5.0\spring-boot-starter-json-3.5.0.jar;C:\Users\karth\.m2\repository\com\fasterxml\jackson\core\jackson-databind\2.19.0\jackson-databind-2.19.0.jar;C:\Users\karth\.m2\repository\com\fasterxml\jackson\core\jackson-annotations\2.19.0\jackson-annotations-2.19.0.jar;C:\Users\karth\.m2\repository\com\fasterxml\jackson\core\jackson-core\2.19.0\jackson-core-2.19.0.jar;C:\Users\karth\.m2\repository\com\fasterxml\jackson\datatype\jackson-datatype-jdk8\2.19.0\jackson-datatype-jdk8-2.19.0.jar;C:\Users\karth\.m2\repository\com\fasterxml\jackson\datatype\jackson-datatype-jsr310\2.19.0\jackson-datatype-jsr310-2.19.0.jar;C:\Users\karth\.m2\repository\com\fasterxml\jackson\module\jackson-module-parameter-names\2.19.0\jackson-module-parameter-names-2.19.0.jar;C:\Users\karth\.m2\repository\org\springframework\boot\spring-boot-starter-tomcat\3.5.0\spring-boot-starter-tomcat-3.5.0.jar;C:\Users\karth\.m2\repository\org\apache\tomcat\embed\tomcat-embed-core\10.1.41\tomcat-embed-core-10.1.41.jar;C:\Users\karth\.m2\repository\org\apache\tomcat\embed\tomcat-embed-el\10.1.41\tomcat-embed-el-10.1.41.jar;C:\Users\karth\.m2\repository\org\apache\tomcat\embed\tomcat-embed-websocket\10.1.41\tomcat-embed-websocket-10.1.41.jar;C:\Users\karth\.m2\repository\org\springframework\spring-web\6.2.7\spring-web-6.2.7.jar;C:\Users\karth\.m2\repository\io\micrometer\micrometer-observation\1.15.0\micrometer-observation-1.15.0.jar;C:\Users\karth\.m2\repository\io\micrometer\micrometer-commons\1.15.0\micrometer-commons-1.15.0.jar;C:\Users\karth\.m2\repository\org\springframework\spring-webmvc\6.2.7\spring-webmvc-6.2.7.jar;C:\Users\karth\.m2\repository\org\springframework\spring-expression\6.2.7\spring-expression-6.2.7.jar;C:\Users\karth\.m2\repository\org\springframework\boot\spring-boot-devtools\3.5.0\spring-boot-devtools-3.5.0.jar;C:\Users\karth\.m2\repository\org\springframework\boot\spring-boot\3.5.0\spring-boot-3.5.0.jar;C:\Users\karth\.m2\repository\org\springframework\boot\spring-boot-autoconfigure\3.5.0\spring-boot-autoconfigure-3.5.0.jar;C:\Users\karth\.m2\repository\com\mysql\mysql-connector-j\9.2.0\mysql-connector-j-9.2.0.jar;C:\Users\karth\.m2\repository\jakarta\xml\bind\jakarta.xml.bind-api\4.0.2\jakarta.xml.bind-api-4.0.2.jar;C:\Users\karth\.m2\repository\jakarta\activation\jakarta.activation-api\2.1.3\jakarta.activation-api-2.1.3.jar;C:\Users\karth\.m2\repository\org\springframework\spring-core\6.2.7\spring-core-6.2.7.jar;C:\Users\karth\.m2\repository\org\springframework\spring-jcl\6.2.7\spring-jcl-6.2.7.jar
Launcher Type: SUN_STANDARD

[Global flags]
     intx CICompilerCount                          = 4                                         {product} {ergonomic}
     uint ConcGCThreads                            = 3                                         {product} {ergonomic}
     uint G1ConcRefinementThreads                  = 10                                        {product} {ergonomic}
   size_t G1HeapRegionSize                         = 1048576                                   {product} {ergonomic}
    uintx GCDrainStackTargetSize                   = 64                                        {product} {ergonomic}
   size_t InitialHeapSize                          = 98566144                                  {product} {ergonomic}
   size_t MarkStackSize                            = 4194304                                   {product} {ergonomic}
   size_t MaxHeapSize                              = 1574961152                                {product} {ergonomic}
   size_t MaxNewSize                               = 944766976                                 {product} {ergonomic}
   size_t MinHeapDeltaBytes                        = 1048576                                   {product} {ergonomic}
   size_t MinHeapSize                              = 8388608                                   {product} {ergonomic}
    uintx NonNMethodCodeHeapSize                   = 5839372                                {pd product} {ergonomic}
    uintx NonProfiledCodeHeapSize                  = 122909434                              {pd product} {ergonomic}
    uintx ProfiledCodeHeapSize                     = 122909434                              {pd product} {ergonomic}
    uintx ReservedCodeCacheSize                    = 251658240                              {pd product} {ergonomic}
     bool SegmentedCodeCache                       = true                                      {product} {ergonomic}
     bool ShowCodeDetailsInExceptionMessages       = true                                   {manageable} {command line}
   size_t SoftMaxHeapSize                          = 1574961152                             {manageable} {ergonomic}
     bool UseCompressedClassPointers               = true                           {product lp64_product} {ergonomic}
     bool UseCompressedOops                        = true                           {product lp64_product} {ergonomic}
     bool UseG1GC                                  = true                                      {product} {ergonomic}
     bool UseLargePagesIndividualAllocation        = false                                  {pd product} {ergonomic}

Logging:
Log output configuration:
 #0: stdout all=warning uptime,level,tags foldmultilines=false
 #1: stderr all=off uptime,level,tags foldmultilines=false

Environment Variables:
JAVA_HOME=C:\Program Files\Java
PATH=C:\Program Files\Common Files\Oracle\Java\javapath;C:\WINDOWS\system32;C:\WINDOWS;C:\WINDOWS\System32\Wbem;C:\WINDOWS\System32\WindowsPowerShell\v1.0\;C:\WINDOWS\System32\OpenSSH\;C:\Program Files\Java\jdk-20\bin;C:\Program Files\Common Files\Oracle\Java\javapath;C:\Program Files\MySQL\MySQL Server 8.0\bin;C:\Program Files\nodejs\;C:\Program Files\Git\cmd;C:\Program Files\TortoiseGit\bin;C:\Users\karth\AppData\Local\Programs\Python\Python312\Scripts\;C:\Users\karth\AppData\Local\Programs\Python\Python312\;C:\Program Files\MySQL\MySQL Shell 8.0\bin\;C:\Users\karth\AppData\Local\Microsoft\WindowsApps;C:\Users\karth\AppData\Local\Programs\Microsoft VS Code\bin;C:\Users\karth\AppData\Roaming\npm;C:\Users\karth\AppData\Local\GitHubDesktop\bin
USERNAME=karth
OS=Windows_NT
PROCESSOR_IDENTIFIER=AMD64 Family 23 Model 104 Stepping 1, AuthenticAMD
TMP=C:\Users\karth\AppData\Local\Temp
TEMP=C:\Users\karth\AppData\Local\Temp




---------------  S Y S T E M  ---------------

OS:
 Windows 11 , 64 bit Build 22621 (10.0.22621.5262)
OS uptime: 14 days 4:33 hours

CPU: total 12 (initial active 12) (12 cores per cpu, 2 threads per core) family 23 model 104 stepping 1 microcode 0x0, cx8, cmov, fxsr, ht, mmx, 3dnowpref, sse, sse2, sse3, ssse3, sse4a, sse4.1, sse4.2, popcnt, lzcnt, tsc, tscinvbit, avx, avx2, aes, clmul, bmi1, bmi2, adx, sha, fma, vzeroupper, clflush, clflushopt, rdtscp, rdpid, f16c

Memory: 4k page, system-wide physical 6005M (658M free)
TotalPageFile size 22932M (AvailPageFile size 5992M)
current process WorkingSet (physical memory assigned to process): 200M, peak: 324M
current process commit charge ("private bytes"): 271M, peak: 366M

vm_info: Java HotSpot(TM) 64-Bit Server VM (20.0.1+9-29) for windows-amd64 JRE (20.0.1+9-29), built on 2023-03-07T13:56:11Z by "mach5one" with MS VC++ 17.1 (VS2022)

END.
